<?xml version="1.0" encoding="UTF-8"?>
<testsuite xmlns:xsi="http://www.w3.org/2001/XMLSchema-instance" xsi:schemaLocation="https://maven.apache.org/surefire/maven-surefire-plugin/xsd/surefire-test-report.xsd" name="integration.GameTest" time="1.043" tests="54" errors="0" skipped="0" failures="0">
  <properties>
[...]
</properties>
  <testcase name="moveBeforeStartGame" classname="integration.GameTest" time="0.396"/>
  <testcase name="newGameTest" classname="integration.GameTest" time="0.01"/>
  <testcase name="startGameTest" classname="integration.GameTest" time="0.008"/>
  <testcase name="joinGameTest" classname="integration.GameTest" time="0.006"/>
  <testcase name="moveAfterStartGame" classname="integration.GameTest" time="0.005"/>
  <testcase name="invalidMoveAfterStartGame" classname="integration.GameTest" time="0.005"/>
  <testcase name="move2AfterStartGame" classname="integration.GameTest" time="0.005"/>
  <testcase name="move3AfterStartGame" classname="integration.GameTest" time="0.005"/>
  <testcase name="move4AfterStartGame" classname="integration.GameTest" time="0.007"/>
  <testcase name="move5AfterStartGame" classname="integration.GameTest" time="0.007"/>
  <testcase name="newGameTest2" classname="integration.GameTest" time="0.006"/>
  <testcase name="startGameTest2" classname="integration.GameTest" time="0.004"/>
  <testcase name="joinGameTest2" classname="integration.GameTest" time="0.007"/>
  <testcase name="moveAfterStartGame2" classname="integration.GameTest" time="0.006"/>
  <testcase name="invalidMoveAfterStartGame2" classname="integration.GameTest" time="0.005"/>
  <testcase name="move2AfterStartGame2" classname="integration.GameTest" time="0.006"/>
  <testcase name="move3AfterStartGame2" classname="integration.GameTest" time="0.006"/>
  <testcase name="move4AfterStartGame2" classname="integration.GameTest" time="0.006"/>
  <testcase name="move5AfterStartGame2" classname="integration.GameTest" time="0.006"/>
  <testcase name="newGameTest3" classname="integration.GameTest" time="0.005"/>
  <testcase name="startGameTest3" classname="integration.GameTest" time="0.004"/>
  <testcase name="joinGameTest3" classname="integration.GameTest" time="0.005"/>
  <testcase name="moveAfterStartGame3" classname="integration.GameTest" time="0.006"/>
  <testcase name="invalidMoveAfterStartGame3" classname="integration.GameTest" time="0.004"/>
  <testcase name="move2AfterStartGame3" classname="integration.GameTest" time="0.005"/>
  <testcase name="move3AfterStartGame3" classname="integration.GameTest" time="0.012"/>
  <testcase name="move4AfterStartGame3" classname="integration.GameTest" time="0.004"/>
  <testcase name="move5AfterStartGame3" classname="integration.GameTest" time="0.004"/>
  <testcase name="move6AfterStartGame3" classname="integration.GameTest" time="0.004"/>
  <testcase name="newGameTest4" classname="integration.GameTest" time="0.004"/>
  <testcase name="startGameTest4" classname="integration.GameTest" time="0.004"/>
  <testcase name="joinGameTest4" classname="integration.GameTest" time="0.005"/>
  <testcase name="moveAfterStartGame4" classname="integration.GameTest" time="0.003"/>
  <testcase name="invalidMoveAfterStartGame4" classname="integration.GameTest" time="0.003"/>
  <testcase name="move2AfterStartGame4" classname="integration.GameTest" time="0.006"/>
  <testcase name="move3AfterStartGame4" classname="integration.GameTest" time="0.006"/>
  <testcase name="move4AfterStartGame4" classname="integration.GameTest" time="0.005"/>
  <testcase name="move5AfterStartGame4" classname="integration.GameTest" time="0.005"/>
  <testcase name="move6AfterStartGame4" classname="integration.GameTest" time="0.004"/>
  <testcase name="newGameTest5" classname="integration.GameTest" time="0.004"/>
  <testcase name="startGameTest5" classname="integration.GameTest" time="0.003"/>
  <testcase name="joinGameTest5" classname="integration.GameTest" time="0.004"/>
  <testcase name="moveAfterStartGame5" classname="integration.GameTest" time="0.004"/>
  <testcase name="invalidMoveAfterStartGame5" classname="integration.GameTest" time="0.004"/>
  <testcase name="move2AfterStartGame5" classname="integration.GameTest" time="0.003"/>
  <testcase name="move3AfterStartGame5" classname="integration.GameTest" time="0.005"/>
  <testcase name="move4AfterStartGame5" classname="integration.GameTest" time="0.004"/>
  <testcase name="move5AfterStartGame5" classname="integration.GameTest" time="0.004"/>
  <testcase name="move6AfterStartGame5" classname="integration.GameTest" time="0.004"/>
  <testcase name="move7AfterStartGame5" classname="integration.GameTest" time="0.004"/>
  <testcase name="move8AfterStartGame5" classname="integration.GameTest" time="0.003"/>
  <testcase name="move9AfterStartGame5" classname="integration.GameTest" time="0.003"/>
  <testcase name="joinGameTestO" classname="integration.GameTest" time="0.005"/>
  <testcase name="joinGameTestX" classname="integration.GameTest" time="0.006"/>
</testsuite>